<?xml version="1.0" encoding="UTF-8"?>
<!-- Generated by org.testng.reporters.JUnitReportReporter -->
<testsuite skipped="0" hostname="LAPTOP-K1NFGLS0" name="dataDirvenTest.GetDataFromFile" tests="10" failures="0" timestamp="06 Mar 2021 16:56:42 GMT" time="0.033" errors="0">
  <testcase name="test" time="0.001" classname="dataDirvenTest.GetDataFromFile"/>
  <testcase name="test" time="0.005" classname="dataDirvenTest.GetDataFromFile"/>
  <testcase name="test" time="0.001" classname="dataDirvenTest.GetDataFromFile"/>
  <testcase name="test" time="0.014" classname="dataDirvenTest.GetDataFromFile"/>
  <testcase name="test" time="0.001" classname="dataDirvenTest.GetDataFromFile"/>
  <testcase name="test" time="0.002" classname="dataDirvenTest.GetDataFromFile"/>
  <testcase name="test" time="0.002" classname="dataDirvenTest.GetDataFromFile"/>
  <testcase name="test" time="0.004" classname="dataDirvenTest.GetDataFromFile"/>
  <testcase name="test" time="0.001" classname="dataDirvenTest.GetDataFromFile"/>
  <testcase name="test" time="0.002" classname="dataDirvenTest.GetDataFromFile"/>
</testsuite> <!-- dataDirvenTest.GetDataFromFile -->
