<?xml version="1.0" encoding="UTF-8"?>
<!-- Generated by org.testng.reporters.JUnitReportReporter -->
<testsuite skipped="2" hostname="Jayes-MBP.fios-router.home" name="regressionTest.FirstDay" tests="3" failures="0" timestamp="20 Feb 2021 19:55:34 GMT" time="10.071" errors="0">
  <testcase name="test_327" time="10.071" classname="regressionTest.FirstDay"/>
  <testcase name="firstTest" classname="regressionTest.FirstDay">
    <skipped/>
  </testcase> <!-- firstTest -->
  <testcase name="test_324" classname="regressionTest.FirstDay">
    <skipped/>
  </testcase> <!-- test_324 -->
</testsuite> <!-- regressionTest.FirstDay -->
