<?xml version="1.0" encoding="UTF-8"?>
<!-- Generated by org.testng.reporters.JUnitReportReporter -->
<testsuite skipped="3" hostname="LAPTOP-K1NFGLS0" name="regressionTest.FirstDay" tests="4" failures="0" timestamp="25 Feb 2021 23:56:45 GMT" time="32.094" errors="0">
  <testcase name="firstTest" time="32.094" classname="regressionTest.FirstDay"/>
  <testcase name="testBora_342" classname="regressionTest.FirstDay">
    <skipped/>
  </testcase> <!-- testBora_342 -->
  <testcase name="sencondTest_2" classname="regressionTest.FirstDay">
    <skipped/>
  </testcase> <!-- sencondTest_2 -->
  <testcase name="thirdTest_3" classname="regressionTest.FirstDay">
    <skipped/>
  </testcase> <!-- thirdTest_3 -->
</testsuite> <!-- regressionTest.FirstDay -->
