<?xml version="1.0" encoding="UTF-8"?>
<!-- Generated by org.testng.reporters.JUnitReportReporter -->
<testsuite skipped="0" hostname="Jayes-MBP.fios-router.home" name="practices.LoginTest" tests="5" failures="0" timestamp="27 Feb 2021 21:03:41 GMT" time="0.005" errors="0">
  <testcase name="tset4" time="0.001" classname="practices.LoginTest"/>
  <testcase name="tset2" time="0.001" classname="practices.LoginTest"/>
  <testcase name="tset5" time="0.001" classname="practices.LoginTest"/>
  <testcase name="tset3" time="0.001" classname="practices.LoginTest"/>
  <testcase name="tset1" time="0.001" classname="practices.LoginTest"/>
</testsuite> <!-- practices.LoginTest -->
