<?xml version="1.0" encoding="UTF-8"?>
<!-- Generated by org.testng.reporters.JUnitReportReporter -->
<testsuite skipped="0" hostname="Jayes-MBP.fios-router.home" name="batch5_Framework_quiz.Quiz_Test" tests="1" failures="0" timestamp="27 Feb 2021 19:56:42 GMT" time="5.713" errors="0">
  <testcase name="quiz" time="5.713" classname="batch5_Framework_quiz.Quiz_Test"/>
</testsuite> <!-- batch5_Framework_quiz.Quiz_Test -->
