<?xml version="1.0" encoding="UTF-8"?>
<!-- Generated by org.testng.reporters.JUnitReportReporter -->
<testsuite skipped="0" hostname="LAPTOP-K1NFGLS0" name="regressionTest.Smoke_NegativeTesting" tests="3" failures="0" timestamp="26 Feb 2021 05:29:59 GMT" time="39.723" errors="0">
  <testcase name="loginTest" time="12.552" classname="regressionTest.Smoke_NegativeTesting"/>
  <testcase name="signIn_negativeTesting" time="14.161" classname="regressionTest.Smoke_NegativeTesting"/>
  <testcase name="emptyPassword" time="13.010" classname="regressionTest.Smoke_NegativeTesting"/>
</testsuite> <!-- regressionTest.Smoke_NegativeTesting -->
