<?xml version="1.0" encoding="UTF-8"?>
<!-- Generated by org.testng.reporters.JUnitReportReporter -->
<testsuite skipped="0" hostname="Jayes-MacBook-Pro.local" name="dataDrivenTest.GetDataFromFile" tests="10" failures="0" timestamp="05 Mar 2021 00:19:13 GMT" time="0.020" errors="0">
  <testcase name="test" time="0.001" classname="dataDrivenTest.GetDataFromFile"/>
  <testcase name="test" time="0.001" classname="dataDrivenTest.GetDataFromFile"/>
  <testcase name="test" time="0.007" classname="dataDrivenTest.GetDataFromFile"/>
  <testcase name="test" time="0.001" classname="dataDrivenTest.GetDataFromFile"/>
  <testcase name="test" time="0.001" classname="dataDrivenTest.GetDataFromFile"/>
  <testcase name="test" time="0.004" classname="dataDrivenTest.GetDataFromFile"/>
  <testcase name="test" time="0.001" classname="dataDrivenTest.GetDataFromFile"/>
  <testcase name="test" time="0.001" classname="dataDrivenTest.GetDataFromFile"/>
  <testcase name="test" time="0.002" classname="dataDrivenTest.GetDataFromFile"/>
  <testcase name="test" time="0.001" classname="dataDrivenTest.GetDataFromFile"/>
</testsuite> <!-- dataDrivenTest.GetDataFromFile -->
