<?xml version="1.0" encoding="UTF-8"?>
<!-- Generated by org.testng.reporters.JUnitReportReporter -->
<testsuite skipped="0" hostname="LAPTOP-K1NFGLS0" name="dataDirvenTest.SimpleTesting" tests="7" failures="0" timestamp="03 Mar 2021 01:03:04 GMT" time="0.061" errors="0">
  <testcase name="testDataRecevie" time="0.030" classname="dataDirvenTest.SimpleTesting"/>
  <testcase name="testDataRecevie" time="0.004" classname="dataDirvenTest.SimpleTesting"/>
  <testcase name="testSpecificDataType" time="0.012" classname="dataDirvenTest.SimpleTesting"/>
  <testcase name="testSpecificDataType" time="0.002" classname="dataDirvenTest.SimpleTesting"/>
  <testcase name="testSpecificDataType" time="0.003" classname="dataDirvenTest.SimpleTesting"/>
  <testcase name="testDataRecevie" time="0.004" classname="dataDirvenTest.SimpleTesting"/>
  <testcase name="testDataRecevie" time="0.006" classname="dataDirvenTest.SimpleTesting"/>
</testsuite> <!-- dataDirvenTest.SimpleTesting -->
