<?xml version="1.0" encoding="UTF-8"?>
<!-- Generated by org.testng.reporters.JUnitReportReporter -->
<testsuite skipped="0" hostname="Yanjies-MBP.fios-router.home" name="regressionTest.Smoke_NegativeTesting" tests="1" failures="0" timestamp="24 Feb 2021 01:08:49 GMT" time="13.040" errors="0">
  <testcase name="signIn_negativeTesting" time="13.040" classname="regressionTest.Smoke_NegativeTesting"/>
</testsuite> <!-- regressionTest.Smoke_NegativeTesting -->
