<?xml version="1.0" encoding="UTF-8"?>
<!-- Generated by org.testng.reporters.JUnitReportReporter -->
<testsuite skipped="0" hostname="Jayes-MBP.fios-router.home" name="practices.OrderTest" tests="2" failures="0" timestamp="27 Feb 2021 21:03:41 GMT" time="0.001" errors="0">
  <testcase name="tset1" time="0.001" classname="practices.OrderTest"/>
  <testcase name="tset2" time="0.000" classname="practices.OrderTest"/>
</testsuite> <!-- practices.OrderTest -->
