<?xml version="1.0" encoding="UTF-8"?>
<!-- Generated by org.testng.reporters.JUnitReportReporter -->
<testsuite skipped="0" hostname="Jayes-MBP.fios-router.home" name="practices.AccountTest" tests="5" failures="0" timestamp="27 Feb 2021 21:03:53 GMT" time="0.008" errors="0">
  <testcase name="tset4" time="0.001" classname="practices.AccountTest"/>
  <testcase name="tset5" time="0.001" classname="practices.AccountTest"/>
  <testcase name="tset3" time="0.001" classname="practices.AccountTest"/>
  <testcase name="tset1" time="0.004" classname="practices.AccountTest"/>
  <testcase name="tset2" time="0.001" classname="practices.AccountTest"/>
</testsuite> <!-- practices.AccountTest -->
