<?xml version="1.0" encoding="UTF-8"?>
<!-- Generated by org.testng.reporters.JUnitReportReporter -->
<testsuite hostname="Xingyues-MacBook-Pro-2.local" name="regressionTest.FirstDay" tests="4" failures="0" timestamp="22 Feb 2021 02:37:37 GMT" time="66.172" errors="0">
  <testcase name="test_327" time="11.773" classname="regressionTest.FirstDay"/>
  <testcase name="firstTest" time="28.792" classname="regressionTest.FirstDay"/>
  <testcase name="test_342" time="14.463" classname="regressionTest.FirstDay"/>
  <testcase name="test_324" time="11.144" classname="regressionTest.FirstDay"/>
</testsuite> <!-- regressionTest.FirstDay -->
