<?xml version="1.0" encoding="UTF-8"?>
<!-- Generated by org.testng.reporters.JUnitReportReporter -->
<testsuite skipped="3" hostname="Jayes-MBP.fios-router.home" name="dataDrivenTest.SimpleTesting" tests="9" failures="0" timestamp="03 Mar 2021 01:23:29 GMT" time="0.016" errors="0">
  <testcase name="test4" time="0.001" classname="dataDrivenTest.SimpleTesting"/>
  <testcase name="test4" time="0.001" classname="dataDrivenTest.SimpleTesting"/>
  <testcase name="test4" time="0.009" classname="dataDrivenTest.SimpleTesting"/>
  <testcase name="test5" time="0.002" classname="dataDrivenTest.SimpleTesting"/>
  <testcase name="test5" time="0.002" classname="dataDrivenTest.SimpleTesting"/>
  <testcase name="test5" time="0.001" classname="dataDrivenTest.SimpleTesting"/>
  <testcase name="testSpecificDataType" classname="dataDrivenTest.SimpleTesting">
    <skipped/>
  </testcase> <!-- testSpecificDataType -->
  <testcase name="testToSendMultipleTestData" classname="dataDrivenTest.SimpleTesting">
    <skipped/>
  </testcase> <!-- testToSendMultipleTestData -->
  <testcase name="testDataReceive" classname="dataDrivenTest.SimpleTesting">
    <skipped/>
  </testcase> <!-- testDataReceive -->
</testsuite> <!-- dataDrivenTest.SimpleTesting -->
