<?xml version="1.0" encoding="UTF-8"?>
<!-- Generated by org.testng.reporters.JUnitReportReporter -->
<testsuite skipped="1" hostname="Jayes-MBP.fios-router.home" name="dataDrivenTest.GetDataFromFile" tests="2" failures="0" timestamp="18 Mar 2021 23:46:20 GMT" time="0.010" errors="0">
  <testcase name="test" time="0.010" classname="dataDrivenTest.GetDataFromFile"/>
  <testcase name="test" classname="dataDrivenTest.GetDataFromFile">
    <skipped/>
  </testcase> <!-- test -->
</testsuite> <!-- dataDrivenTest.GetDataFromFile -->
