<?xml version="1.0" encoding="UTF-8"?>
<!-- Generated by org.testng.reporters.JUnitReportReporter -->
<testsuite skipped="0" hostname="LAPTOP-K1NFGLS0" name="batch5_Framework_quiz.Quiz_Test" tests="1" failures="0" timestamp="28 Feb 2021 04:10:15 GMT" time="28.550" errors="0">
  <testcase name="quiz" time="28.550" classname="batch5_Framework_quiz.Quiz_Test"/>
</testsuite> <!-- batch5_Framework_quiz.Quiz_Test -->
